<?xml version="1.0" encoding="UTF-8"?>
<testsuite xmlns:xsi="http://www.w3.org/2001/XMLSchema-instance" xsi:noNamespaceSchemaLocation="https://maven.apache.org/surefire/maven-surefire-plugin/xsd/surefire-test-report-3.0.xsd" version="3.0" name="examples.ExamplesTest" time="8.269" tests="1" errors="0" skipped="0" failures="0">
  <properties>
[...]
</properties>
  <testcase name="testParallel" classname="examples.ExamplesTest" time="8.157">
    <system-out><![CDATA[11:43:22.458 [main] INFO  com.intuit.karate.Runner - using system property 'karate.options': --tags @create_successful_pet
11:43:24.374 [main] DEBUG com.intuit.karate.Suite - [config] classpath:karate-config.js
11:43:24.390 [main] DEBUG com.intuit.karate.Suite - waiting for 6 features to complete
11:43:27.092 [pool-2-thread-1] INFO  com.intuit.karate - karate.env system property was: null 
11:43:27.941 [pool-2-thread-1] DEBUG com.intuit.karate - request:
1 > POST http://localhost:3000/pets
1 > Content-Type: application/json; charset=UTF-8
1 > Content-Length: 40
1 > Host: localhost:3000
1 > Connection: Keep-Alive
1 > User-Agent: Apache-HttpClient/4.5.14 (Java/19.0.2)
1 > Accept-Encoding: gzip,deflate
{"name":"Bingo3","type":"Perro","age":1}

11:43:28.472 [pool-2-thread-1] DEBUG com.intuit.karate - response time in milliseconds: 526
1 < 201
1 < X-Powered-By: Express
1 < Content-Type: application/json; charset=utf-8
1 < Content-Length: 111
1 < ETag: W/"6f-vyI4pOb8viGfBERczEDwf5FJxmI"
1 < Date: Tue, 09 Dec 2025 16:43:28 GMT
1 < Connection: keep-alive
1 < Keep-Alive: timeout=5
{"status":"success","message":"Pet created","data":{"id":1765298608427,"name":"Bingo3","type":"Perro","age":1}}

---------------------------------------------------------
feature: classpath:examples/pets/createNewPets.feature
scenarios:  1 | passed:  1 | failed:  0 | time: 1,3213
---------------------------------------------------------

11:43:29.577 [pool-3-thread-1] INFO  com.intuit.karate.Suite - <<pass>> feature 2 of 6 (4 remaining) classpath:examples/pets/createNewPets.feature
Karate version: 1.5.0
======================================================
elapsed:   7,14 | threads:    5 | thread time: 1,32 
features:     1 | skipped:    5 | efficiency: 0,04
scenarios:    1 | passed:     1 | failed: 0
======================================================

HTML report: (paste into browser to view) | Karate version: 1.5.0
file:///C:/Users/julian/Downloads/api-karate-test-automation/target/karate-reports/karate-summary.html
===================================================================

]]></system-out>
  </testcase>
</testsuite>